{"/home/user/Driven/T6/projeto21-singmeasong/back-end/src/services/recommendationsService.ts": {"path":"/home/user/Driven/T6/projeto21-singmeasong/back-end/src/services/recommendationsService.ts","statementMap":{"0":{"start":{"line":8,"column":33},"end":{"line":9,"column":null}},"1":{"start":{"line":11,"column":2},"end":{"line":12,"column":64}},"2":{"start":{"line":12,"column":4},"end":{"line":12,"column":64}},"3":{"start":{"line":14,"column":2},"end":{"line":14,"column":66}},"4":{"start":{"line":18,"column":2},"end":{"line":18,"column":26}},"5":{"start":{"line":20,"column":2},"end":{"line":20,"column":62}},"6":{"start":{"line":24,"column":2},"end":{"line":24,"column":26}},"7":{"start":{"line":26,"column":32},"end":{"line":28,"column":null}},"8":{"start":{"line":31,"column":2},"end":{"line":33,"column":null}},"9":{"start":{"line":32,"column":4},"end":{"line":32,"column":46}},"10":{"start":{"line":37,"column":25},"end":{"line":37,"column":64}},"11":{"start":{"line":38,"column":2},"end":{"line":38,"column":45}},"12":{"start":{"line":38,"column":23},"end":{"line":38,"column":45}},"13":{"start":{"line":40,"column":2},"end":{"line":40,"column":24}},"14":{"start":{"line":44,"column":2},"end":{"line":44,"column":44}},"15":{"start":{"line":48,"column":2},"end":{"line":48,"column":59}},"16":{"start":{"line":52,"column":17},"end":{"line":52,"column":30}},"17":{"start":{"line":53,"column":22},"end":{"line":53,"column":44}},"18":{"start":{"line":55,"column":26},"end":{"line":55,"column":55}},"19":{"start":{"line":56,"column":2},"end":{"line":58,"column":null}},"20":{"start":{"line":57,"column":4},"end":{"line":57,"column":26}},"21":{"start":{"line":60,"column":22},"end":{"line":60,"column":72}},"22":{"start":{"line":61,"column":2},"end":{"line":61,"column":38}},"23":{"start":{"line":65,"column":26},"end":{"line":68,"column":4}},"24":{"start":{"line":70,"column":2},"end":{"line":72,"column":null}},"25":{"start":{"line":71,"column":4},"end":{"line":71,"column":27}},"26":{"start":{"line":74,"column":2},"end":{"line":74,"column":44}},"27":{"start":{"line":78,"column":2},"end":{"line":80,"column":null}},"28":{"start":{"line":79,"column":4},"end":{"line":79,"column":16}},"29":{"start":{"line":82,"column":2},"end":{"line":82,"column":15}},"30":{"start":{"line":86,"column":2},"end":{"line":86,"column":41}},"31":{"start":{"line":89,"column":37},"end":{"line":98,"column":2}}},"fnMap":{"0":{"name":"insert","decl":{"start":{"line":7,"column":15},"end":{"line":7,"column":21}},"loc":{"start":{"line":7,"column":72},"end":{"line":15,"column":null}}},"1":{"name":"upvote","decl":{"start":{"line":17,"column":15},"end":{"line":17,"column":21}},"loc":{"start":{"line":17,"column":32},"end":{"line":21,"column":null}}},"2":{"name":"downvote","decl":{"start":{"line":23,"column":15},"end":{"line":23,"column":23}},"loc":{"start":{"line":23,"column":34},"end":{"line":34,"column":null}}},"3":{"name":"getByIdOrFail","decl":{"start":{"line":36,"column":15},"end":{"line":36,"column":28}},"loc":{"start":{"line":36,"column":39},"end":{"line":41,"column":null}}},"4":{"name":"get","decl":{"start":{"line":43,"column":15},"end":{"line":43,"column":18}},"loc":{"start":{"line":43,"column":18},"end":{"line":45,"column":null}}},"5":{"name":"getTop","decl":{"start":{"line":47,"column":15},"end":{"line":47,"column":21}},"loc":{"start":{"line":47,"column":36},"end":{"line":49,"column":null}}},"6":{"name":"getRandom","decl":{"start":{"line":51,"column":15},"end":{"line":51,"column":24}},"loc":{"start":{"line":51,"column":24},"end":{"line":62,"column":null}}},"7":{"name":"getByScore","decl":{"start":{"line":64,"column":15},"end":{"line":64,"column":25}},"loc":{"start":{"line":64,"column":51},"end":{"line":75,"column":null}}},"8":{"name":"getScoreFilter","decl":{"start":{"line":77,"column":9},"end":{"line":77,"column":23}},"loc":{"start":{"line":77,"column":38},"end":{"line":83,"column":1}}},"9":{"name":"reset","decl":{"start":{"line":85,"column":15},"end":{"line":85,"column":20}},"loc":{"start":{"line":85,"column":20},"end":{"line":87,"column":null}}}},"branchMap":{"0":{"loc":{"start":{"line":11,"column":2},"end":{"line":12,"column":64}},"type":"if","locations":[{"start":{"line":11,"column":2},"end":{"line":12,"column":64}}]},"1":{"loc":{"start":{"line":31,"column":2},"end":{"line":33,"column":null}},"type":"if","locations":[{"start":{"line":31,"column":2},"end":{"line":33,"column":null}}]},"2":{"loc":{"start":{"line":38,"column":2},"end":{"line":38,"column":45}},"type":"if","locations":[{"start":{"line":38,"column":2},"end":{"line":38,"column":45}}]},"3":{"loc":{"start":{"line":56,"column":2},"end":{"line":58,"column":null}},"type":"if","locations":[{"start":{"line":56,"column":2},"end":{"line":58,"column":null}}]},"4":{"loc":{"start":{"line":70,"column":2},"end":{"line":72,"column":null}},"type":"if","locations":[{"start":{"line":70,"column":2},"end":{"line":72,"column":null}}]},"5":{"loc":{"start":{"line":78,"column":2},"end":{"line":80,"column":null}},"type":"if","locations":[{"start":{"line":78,"column":2},"end":{"line":80,"column":null}}]}},"s":{"0":2,"1":2,"2":1,"3":1,"4":2,"5":1,"6":3,"7":2,"8":2,"9":1,"10":5,"11":5,"12":2,"13":3,"14":1,"15":1,"16":4,"17":4,"18":4,"19":4,"20":1,"21":3,"22":3,"23":4,"24":4,"25":2,"26":2,"27":4,"28":1,"29":3,"30":1,"31":1},"f":{"0":2,"1":2,"2":3,"3":5,"4":1,"5":1,"6":4,"7":4,"8":4,"9":1},"b":{"0":[1],"1":[1],"2":[2],"3":[1],"4":[2],"5":[1]}}
}
