TN:
SF:src/services/recommendationsService.ts
FN:7,insert
FN:17,upvote
FN:23,downvote
FN:36,getByIdOrFail
FN:43,get
FN:47,getTop
FN:51,getRandom
FN:64,getByScore
FN:77,getScoreFilter
FN:85,reset
FNF:10
FNH:10
FNDA:2,insert
FNDA:2,upvote
FNDA:3,downvote
FNDA:5,getByIdOrFail
FNDA:1,get
FNDA:1,getTop
FNDA:4,getRandom
FNDA:4,getByScore
FNDA:4,getScoreFilter
FNDA:1,reset
DA:8,2
DA:11,2
DA:12,1
DA:14,1
DA:18,2
DA:20,1
DA:24,3
DA:26,2
DA:31,2
DA:32,1
DA:37,5
DA:38,5
DA:40,3
DA:44,1
DA:48,1
DA:52,4
DA:53,4
DA:55,4
DA:56,4
DA:57,1
DA:60,3
DA:61,3
DA:65,4
DA:70,4
DA:71,2
DA:74,2
DA:78,4
DA:79,1
DA:82,3
DA:86,1
DA:89,1
LF:31
LH:31
BRDA:11,0,0,1
BRDA:31,1,0,1
BRDA:38,2,0,2
BRDA:56,3,0,1
BRDA:70,4,0,2
BRDA:78,5,0,1
BRF:6
BRH:6
end_of_record
